Run options: exclude {:onschedule=>true}

Randomized with seed 31376
spec/models/internal/event_spec.rb:0.3915539998561144
spec/components/cards/featured_story_component_spec.rb:0.044615999795496464
spec/controllers/errors_controller_spec.rb:0.041827999986708164
spec/helpers/searches_helper_spec.rb:0.007422999944537878
spec/lib/cloud_front_ip_filter_spec.rb:0.10417399974539876
spec/validators/postcode_validator_spec.rb:0.024639999959617853

Randomized with seed 31376
Run options: exclude {:onschedule=>true}

Randomized with seed 2799
spec/lib/template_handlers/markdown_spec.rb:0.6007070001214743
spec/requests/internal_controller_spec.rb:0.4514910001307726
spec/models/events/steps/further_details_spec.rb:0.046581000089645386
spec/validators/email_format_validator_spec.rb:0.02370299957692623
spec/models/mailing_list/steps/degree_status_spec.rb:0.022121999878436327
spec/lib/page_speed_score_spec.rb:0.03783100005239248
spec/lib/attribute_filter_spec.rb:0.003210000228136778
spec/components/events/event_box_component_spec.rb:0.09641300002112985

Randomized with seed 2799
Run options: exclude {:onschedule=>true}

Randomized with seed 34855
spec/components/calls_to_action/homepage_component_spec.rb:0.2848710003308952
spec/presenters/events/group_presenter_spec.rb:0.3382449997588992
spec/models/wizard/step_spec.rb:0.05246399994939566
spec/lib/prometheus/metrics_spec.rb:0.03971899999305606
spec/requests/circuit_breaker_spec.rb:0.3851310000754893
spec/requests/next_gen_images_spec.rb:0.7466429998166859
spec/components/calls_to_action/narrow_component_spec.rb:0.0010899999178946018
spec/helpers/content_helper_spec.rb:0.010625000111758709
spec/requests/sitemap_controller_spec.rb:0.15555100003257394

Randomized with seed 34855
Run options: exclude {:onschedule=>true}

Randomized with seed 37259
spec/requests/robots_controller_spec.rb:0.2416540002450347
spec/components/cards/chat_online_component_spec.rb:0.15716499974951148
spec/requests/vwo_spec.rb:1.3318110001273453
spec/helpers/application_helper_spec.rb:0.27632599975913763
spec/models/pages/page_spec.rb:0.0700449999421835
spec/components/cards/story_component_spec.rb:0.030028000008314848
spec/views/searches/show.html.erb_spec.rb:0.15868399990722537
spec/components/sections/hero_component_spec.rb:0.10416499990969896

Randomized with seed 37259
Run options: exclude {:onschedule=>true}

Randomized with seed 19066
spec/models/mailing_list/steps/subject_spec.rb:0.20254600001499057
spec/helpers/sitemap_helper_spec.rb:0.013909999746829271
spec/requests/internal/events_controller_spec.rb:2.6539190001785755
spec/views/sections/_feeback_bar.html.erb_spec.rb:0.04310599993914366
spec/validators/number_of_words_validator_spec.rb:0.0026560002006590366
spec/components/events/no_results_component_spec.rb:0.007476000115275383
spec/components/events/search_component_spec.rb:0.08812099974602461

Randomized with seed 19066
Run options: exclude {:onschedule=>true}

Randomized with seed 49590
spec/components/cards/latest_event_component_spec.rb:0.48533099982887506
spec/models/mailing_list/steps/already_subscribed_spec.rb:0.007458999752998352
spec/models/wizard/base_spec.rb:0.07859400007873774
spec/presenters/content/component_injector_spec.rb:0.0029240003786981106
spec/components/cards/find_events_component_spec.rb:0.14937399979680777
spec/requests/instrumentation_spec.rb:3.0315720001235604

Randomized with seed 49590
Run options: exclude {:onschedule=>true}

Randomized with seed 11717
spec/components/events/type_description_component_spec.rb:0.18458700040355325
spec/components/content/accordion_component_spec.rb:0.12760999985039234
spec/requests/csp_reports_spec.rb:0.3378920000977814
spec/models/events/wizard_spec.rb:0.03966700006276369
spec/models/mailing_list/steps/postcode_spec.rb:0.03797800000756979
spec/requests/healthchecks_controller_spec.rb:0.08013499993830919
spec/requests/mailing_list/steps_controller_spec.rb:4.691378999967128
spec/models/pages/frontmatter_spec.rb:0.17372100008651614

Randomized with seed 11717
Run options: exclude {:onschedule=>true}

Randomized with seed 53999
spec/components/calls_to_action/multiple_buttons_component_spec.rb:0.18042999971657991
spec/components/grouped_cards/listing_component_spec.rb:0.078016999643296
spec/requests/lid_tracking_pixels_spec.rb:2.6719879996962845
spec/models/mailing_list/steps/name_spec.rb:0.05254399962723255
spec/components/card_component_spec.rb:0.037943999748677015
spec/features/internal_spec.rb:5.562492999713868
spec/models/events/steps/personalised_updates_spec.rb:0.9520459999330342
spec/components/calls_to_action/simple_component_spec.rb:0.19306199997663498

Randomized with seed 53999
Run options: exclude {:onschedule=>true}

Randomized with seed 62193
spec/models/search_spec.rb:0.23998499987646937
spec/requests/find_an_event_near_you_spec.rb:9.871083000209183
spec/models/wizard/steps/authenticate_spec.rb:0.032041999977082014
spec/helpers/metadata_helper_spec.rb:0.004009000025689602
spec/features/view_pages_spec.rb:0.5627150000073016
spec/requests/guidance_controller_spec.rb:1.2216030000708997
spec/components/content/generic_block_component_spec.rb:0.125685999635607
spec/models/internal/event_building_spec.rb:0.03592699998989701
spec/components/calls_to_action/chat_online_component_spec.rb:0.10447899997234344

Randomized with seed 62193
Run options: exclude {:onschedule=>true}

Randomized with seed 48963
spec/helpers/maps_helper_spec.rb:0.16754200030118227
spec/models/events/search_spec.rb:0.12515300000086427
spec/models/mailing_list/steps/privacy_policy_spec.rb:0.011749000288546085
spec/requests/rate_limiting_spec.rb:11.71899800002575
spec/requests/cookie_preferences_controller_spec.rb:0.7632679999805987
spec/lib/next_gen_images_spec.rb:0.007243999745696783
spec/models/events/steps/contact_details_spec.rb:0.006105000153183937
spec/components/calls_to_action/story_component_spec.rb:0.00824100011959672

Randomized with seed 48963
Run options: exclude {:onschedule=>true}

Randomized with seed 56382
spec/helpers/events_helper_spec.rb:0.19591300003230572
spec/requests/frontmatter_content_spec.rb:5.152100999839604
spec/models/wizard/store_spec.rb:0.026342999655753374
spec/features/find_an_event_spec.rb:6.862115999683738
spec/components/navigation/breadcrumb_component_spec.rb:0.011307000182569027
spec/helpers/text_formatting_helper_spec.rb:0.009662000462412834
spec/lib/acronyms_spec.rb:0.018270000349730253
spec/requests/lazy_load_images_spec.rb:0.9131769998930395
spec/requests/searches_controller_spec.rb:1.4819320002570748

Randomized with seed 56382
Run options: exclude {:onschedule=>true}

Randomized with seed 33294
spec/features/event_wizard_spec.rb:16.993158999830484
spec/models/mailing_list/wizard_spec.rb:0.009788000024855137
spec/validators/telephone_validator_spec.rb:0.015856999903917313
spec/components/cards/renderer_component_spec.rb:0.06629899982362986
spec/components/grouped_cards/card_component_spec.rb:0.010652999859303236
spec/features/password_protection_spec.rb:0.3676339997909963
spec/models/concerns/api_model_convertible_spec.rb:0.007117999717593193

Randomized with seed 33294
Run options: exclude {:onschedule=>true}

Randomized with seed 48295
spec/lib/lazy_load_images_spec.rb:0.11361700017005205
spec/requests/api_client_request_id_spec.rb:0.9194290000014007
spec/requests/events_controller_spec.rb:17.70485799992457
spec/helpers/stories_helper_spec.rb:0.0061519998125731945
spec/controllers/concerns/static_pages_spec.rb:0.02191200014203787
spec/views/sections/_page_helpful.html.erb_spec.rb:0.016187999863177538
spec/models/mailing_list/steps/teacher_training_spec.rb:0.01155199995264411
spec/lib/fingerprinter_spec.rb:0.024354999884963036

Randomized with seed 48295
Run options: exclude {:onschedule=>true}

Randomized with seed 33375
spec/requests/page_with_custom_layout_spec.rb:10.289127999916673
spec/components/stories/story_component_spec.rb:0.07069099973887205
spec/models/healthcheck_spec.rb:0.20671899989247322
spec/requests/privacy_policy_spec.rb:1.6051529999822378
spec/features/breadcrumbs_spec.rb:3.931832999922335
spec/requests/beta_redirect_spec.rb:0.01629299996420741
spec/helpers/session_helper_spec.rb:0.0036339997313916683
spec/requests/event_steps_controller_spec.rb:3.1662549995817244
spec/components/service_unavailable_component_spec.rb:0.002080999780446291

Randomized with seed 33375
Run options: exclude {:onschedule=>true}

Randomized with seed 46908
spec/components/calls_to_action/next_steps_component_spec.rb:0.18020100006833673
spec/models/events/category_spec.rb:0.3396359998732805
spec/features/mailing_list_wizard_spec.rb:21.281754999887198
spec/models/events/steps/personal_details_spec.rb:0.01787000009790063
spec/models/wizard/api_client_support_spec.rb:0.0006560003384947777
spec/components/navigation/navbar_component_spec.rb:0.23149999976158142

Randomized with seed 46908
Run options: exclude {:onschedule=>true}

Randomized with seed 51574
spec/requests/events_by_category_spec.rb:10.114254999905825
spec/requests/pagespeed_spec.rb:0.04993300000205636
spec/components/content/feature_table_component_spec.rb:0.022572999820113182
spec/models/pages/data_spec.rb:0.0959779997356236
spec/requests/redirects_spec.rb:9.769284999929368
spec/requests/pages_controller_spec.rb:1.486583000048995
spec/components/stories/card_component_spec.rb:0.010855000000447035
spec/features/content_pages_spec.rb:369.651002000086

Randomized with seed 51574
